nohup: ignoring input
✔ [3/8] Built Erdos364.C12.Chunk000 (4.1s)
✔ [4/8] Built Erdos364.C12.Chunk001 (4.3s)
✔ [5/8] Built Erdos364.C12.Chunk002 (4.5s)
✔ [6/8] Built Erdos364.C12.Chunk004 (5.3s)
✔ [7/8] Built Erdos364.C12.Chunk003 (5.5s)
✔ [8/8] Built Erdos364.C12.Chunk005 (6.1s)
Build completed successfully (8 jobs).
✔ [3/8] Built Erdos364.C12.Chunk007 (5.9s)
✔ [4/8] Built Erdos364.C12.Chunk009 (6.4s)
✔ [5/8] Built Erdos364.C12.Chunk006 (7.5s)
✔ [6/8] Built Erdos364.C12.Chunk010 (7.7s)
✔ [7/8] Built Erdos364.C12.Chunk008 (7.7s)
✔ [8/8] Built Erdos364.C12.Chunk011 (7.9s)
Build completed successfully (8 jobs).
✔ [3/8] Built Erdos364.C12.Chunk012 (6.7s)
✔ [4/8] Built Erdos364.C12.Chunk013 (7.2s)
✔ [5/8] Built Erdos364.C12.Chunk014 (7.3s)
✔ [6/8] Built Erdos364.C12.Chunk017 (7.7s)
✔ [7/8] Built Erdos364.C12.Chunk015 (9.2s)
✔ [8/8] Built Erdos364.C12.Chunk016 (9.4s)
Build completed successfully (8 jobs).
✔ [3/8] Built Erdos364.C12.Chunk018 (7.9s)
✔ [4/8] Built Erdos364.C12.Chunk019 (8.1s)
✔ [5/8] Built Erdos364.C12.Chunk020 (8.3s)
✔ [6/8] Built Erdos364.C12.Chunk021 (8.3s)
✔ [7/8] Built Erdos364.C12.Chunk022 (8.3s)
✔ [8/8] Built Erdos364.C12.Chunk023 (8.8s)
Build completed successfully (8 jobs).
✔ [3/8] Built Erdos364.C12.Chunk024 (8.7s)
✔ [4/8] Built Erdos364.C12.Chunk025 (9.7s)
✔ [5/8] Built Erdos364.C12.Chunk026 (9.7s)
✔ [6/8] Built Erdos364.C12.Chunk027 (9.7s)
✔ [7/8] Built Erdos364.C12.Chunk028 (12s)
✔ [8/8] Built Erdos364.C12.Chunk029 (12s)
Build completed successfully (8 jobs).
✔ [3/8] Built Erdos364.C12.Chunk032 (10s)
✔ [4/8] Built Erdos364.C12.Chunk034 (10s)
✔ [5/8] Built Erdos364.C12.Chunk030 (10s)
✔ [6/8] Built Erdos364.C12.Chunk033 (10s)
✔ [7/8] Built Erdos364.C12.Chunk031 (11s)
✔ [8/8] Built Erdos364.C12.Chunk035 (11s)
Build completed successfully (8 jobs).
✔ [3/8] Built Erdos364.C12.Chunk037 (11s)
✔ [4/8] Built Erdos364.C12.Chunk036 (11s)
✔ [5/8] Built Erdos364.C12.Chunk038 (11s)
✔ [6/8] Built Erdos364.C12.Chunk041 (11s)
✔ [7/8] Built Erdos364.C12.Chunk039 (13s)
✔ [8/8] Built Erdos364.C12.Chunk040 (13s)
Build completed successfully (8 jobs).
✔ [3/8] Built Erdos364.C12.Chunk043 (11s)
✔ [4/8] Built Erdos364.C12.Chunk042 (11s)
✔ [5/8] Built Erdos364.C12.Chunk046 (12s)
✔ [6/8] Built Erdos364.C12.Chunk044 (12s)
✔ [7/8] Built Erdos364.C12.Chunk045 (12s)
✔ [8/8] Built Erdos364.C12.Chunk047 (12s)
Build completed successfully (8 jobs).
✔ [3/8] Built Erdos364.C12.Chunk049 (12s)
✔ [4/8] Built Erdos364.C12.Chunk050 (13s)
✔ [5/8] Built Erdos364.C12.Chunk052 (13s)
✔ [6/8] Built Erdos364.C12.Chunk053 (13s)
✔ [7/8] Built Erdos364.C12.Chunk048 (15s)
✔ [8/8] Built Erdos364.C12.Chunk051 (15s)
Build completed successfully (8 jobs).
✔ [3/8] Built Erdos364.C12.Chunk056 (13s)
✔ [4/8] Built Erdos364.C12.Chunk054 (13s)
✔ [5/8] Built Erdos364.C12.Chunk055 (14s)
✔ [6/8] Built Erdos364.C12.Chunk057 (14s)
✔ [7/8] Built Erdos364.C12.Chunk059 (14s)
✔ [8/8] Built Erdos364.C12.Chunk058 (14s)
Build completed successfully (8 jobs).
✔ [3/8] Built Erdos364.C12.Chunk060 (14s)
✔ [4/8] Built Erdos364.C12.Chunk064 (14s)
✔ [5/8] Built Erdos364.C12.Chunk063 (15s)
✔ [6/8] Built Erdos364.C12.Chunk065 (15s)
✔ [7/8] Built Erdos364.C12.Chunk062 (18s)
✔ [8/8] Built Erdos364.C12.Chunk061 (18s)
Build completed successfully (8 jobs).
✔ [3/8] Built Erdos364.C12.Chunk066 (15s)
✔ [4/8] Built Erdos364.C12.Chunk067 (15s)
✔ [5/8] Built Erdos364.C12.Chunk068 (15s)
✔ [6/8] Built Erdos364.C12.Chunk069 (15s)
✔ [7/8] Built Erdos364.C12.Chunk070 (16s)
✔ [8/8] Built Erdos364.C12.Chunk071 (16s)
Build completed successfully (8 jobs).
✔ [3/8] Built Erdos364.C12.Chunk076 (16s)
✔ [4/8] Built Erdos364.C12.Chunk072 (16s)
✔ [5/8] Built Erdos364.C12.Chunk075 (16s)
✔ [6/8] Built Erdos364.C12.Chunk073 (16s)
✔ [7/8] Built Erdos364.C12.Chunk074 (16s)
✔ [8/8] Built Erdos364.C12.Chunk077 (17s)
Build completed successfully (8 jobs).
✔ [3/8] Built Erdos364.C12.Chunk079 (18s)
✔ [4/8] Built Erdos364.C12.Chunk080 (18s)
✔ [5/8] Built Erdos364.C12.Chunk078 (18s)
✔ [6/8] Built Erdos364.C12.Chunk081 (18s)
✔ [7/8] Built Erdos364.C12.Chunk083 (18s)
✔ [8/8] Built Erdos364.C12.Chunk082 (18s)
Build completed successfully (8 jobs).
✔ [3/8] Built Erdos364.C12.Chunk084 (18s)
✔ [4/8] Built Erdos364.C12.Chunk085 (19s)
✔ [5/8] Built Erdos364.C12.Chunk087 (19s)
✔ [6/8] Built Erdos364.C12.Chunk088 (19s)
✔ [7/8] Built Erdos364.C12.Chunk089 (19s)
✔ [8/8] Built Erdos364.C12.Chunk086 (19s)
Build completed successfully (8 jobs).
✔ [3/8] Built Erdos364.C12.Chunk091 (19s)
✔ [4/8] Built Erdos364.C12.Chunk095 (20s)
✔ [5/8] Built Erdos364.C12.Chunk090 (24s)
✔ [6/8] Built Erdos364.C12.Chunk093 (24s)
✔ [7/8] Built Erdos364.C12.Chunk092 (25s)
✔ [8/8] Built Erdos364.C12.Chunk094 (26s)
Build completed successfully (8 jobs).
✔ [3/8] Built Erdos364.C12.Chunk099 (20s)
✔ [4/8] Built Erdos364.C12.Chunk097 (20s)
✔ [5/8] Built Erdos364.C12.Chunk100 (20s)
✔ [6/8] Built Erdos364.C12.Chunk096 (20s)
✔ [7/8] Built Erdos364.C12.Chunk098 (20s)
✔ [8/8] Built Erdos364.C12.Chunk101 (21s)
Build completed successfully (8 jobs).
✔ [3/8] Built Erdos364.C12.Chunk102 (21s)
✔ [4/8] Built Erdos364.C12.Chunk103 (21s)
✔ [5/8] Built Erdos364.C12.Chunk105 (21s)
✔ [6/8] Built Erdos364.C12.Chunk106 (21s)
✔ [7/8] Built Erdos364.C12.Chunk104 (21s)
✔ [8/8] Built Erdos364.C12.Chunk107 (22s)
Build completed successfully (8 jobs).
✔ [3/8] Built Erdos364.C12.Chunk108 (22s)
✔ [4/8] Built Erdos364.C12.Chunk111 (22s)
✔ [5/8] Built Erdos364.C12.Chunk110 (22s)
✔ [6/8] Built Erdos364.C12.Chunk112 (22s)
✔ [7/8] Built Erdos364.C12.Chunk109 (27s)
✔ [8/8] Built Erdos364.C12.Chunk113 (28s)
Build completed successfully (8 jobs).
✔ [3/8] Built Erdos364.C12.Chunk115 (22s)
✔ [4/8] Built Erdos364.C12.Chunk114 (23s)
✔ [5/8] Built Erdos364.C12.Chunk118 (23s)
✔ [6/8] Built Erdos364.C12.Chunk117 (23s)
✔ [7/8] Built Erdos364.C12.Chunk116 (23s)
✔ [8/8] Built Erdos364.C12.Chunk119 (23s)
Build completed successfully (8 jobs).
✔ [3/8] Built Erdos364.C12.Chunk120 (23s)
✔ [4/8] Built Erdos364.C12.Chunk121 (23s)
✔ [5/8] Built Erdos364.C12.Chunk124 (23s)
✔ [6/8] Built Erdos364.C12.Chunk122 (24s)
✔ [7/8] Built Erdos364.C12.Chunk123 (29s)
✔ [8/8] Built Erdos364.C12.Chunk125 (29s)
Build completed successfully (8 jobs).
✔ [2/7] Built Erdos364.C12.Chunk127 (23s)
✔ [4/8] Built Erdos364.C12.Chunk129 (24s)
✔ [5/8] Built Erdos364.C12.Chunk128 (24s)
✔ [6/8] Built Erdos364.C12.Chunk126 (24s)
✔ [7/8] Built Erdos364.C12.Chunk131 (27s)
✔ [8/8] Built Erdos364.C12.Chunk130 (27s)
Build completed successfully (8 jobs).
✔ [3/8] Built Erdos364.C12.Chunk134 (24s)
✔ [4/8] Built Erdos364.C12.Chunk135 (24s)
✔ [5/8] Built Erdos364.C12.Chunk132 (25s)
✔ [6/8] Built Erdos364.C12.Chunk137 (26s)
✔ [7/8] Built Erdos364.C12.Chunk133 (31s)
✔ [8/8] Built Erdos364.C12.Chunk136 (32s)
Build completed successfully (8 jobs).
✔ [3/8] Built Erdos364.C12.Chunk140 (26s)
✔ [4/8] Built Erdos364.C12.Chunk141 (26s)
✔ [5/8] Built Erdos364.C12.Chunk143 (26s)
✔ [6/8] Built Erdos364.C12.Chunk142 (26s)
✔ [7/8] Built Erdos364.C12.Chunk138 (32s)
✔ [8/8] Built Erdos364.C12.Chunk139 (32s)
Build completed successfully (8 jobs).
✔ [3/8] Built Erdos364.C12.Chunk144 (26s)
✔ [4/8] Built Erdos364.C12.Chunk146 (26s)
✔ [5/8] Built Erdos364.C12.Chunk149 (26s)
✔ [6/8] Built Erdos364.C12.Chunk145 (27s)
✔ [7/8] Built Erdos364.C12.Chunk147 (27s)
✔ [8/8] Built Erdos364.C12.Chunk148 (27s)
Build completed successfully (8 jobs).
✔ [3/8] Built Erdos364.C12.Chunk150 (27s)
✔ [4/8] Built Erdos364.C12.Chunk153 (27s)
✔ [5/8] Built Erdos364.C12.Chunk152 (27s)
✔ [6/8] Built Erdos364.C12.Chunk151 (27s)
✔ [7/8] Built Erdos364.C12.Chunk154 (28s)
✔ [8/8] Built Erdos364.C12.Chunk155 (28s)
Build completed successfully (8 jobs).
✔ [3/8] Built Erdos364.C12.Chunk157 (28s)
✔ [4/8] Built Erdos364.C12.Chunk158 (28s)
✔ [5/8] Built Erdos364.C12.Chunk156 (28s)
✔ [6/8] Built Erdos364.C12.Chunk159 (29s)
✔ [7/8] Built Erdos364.C12.Chunk160 (28s)
✔ [8/8] Built Erdos364.C12.Chunk161 (29s)
Build completed successfully (8 jobs).
✔ [3/8] Built Erdos364.C12.Chunk162 (29s)
✔ [4/8] Built Erdos364.C12.Chunk163 (29s)
✔ [5/8] Built Erdos364.C12.Chunk164 (29s)
✔ [6/8] Built Erdos364.C12.Chunk165 (29s)
✔ [7/8] Built Erdos364.C12.Chunk166 (29s)
✔ [8/8] Built Erdos364.C12.Chunk167 (30s)
Build completed successfully (8 jobs).
✔ [3/8] Built Erdos364.C12.Chunk169 (30s)
✔ [4/8] Built Erdos364.C12.Chunk170 (30s)
✔ [5/8] Built Erdos364.C12.Chunk172 (30s)
✔ [6/8] Built Erdos364.C12.Chunk171 (30s)
✔ [7/8] Built Erdos364.C12.Chunk168 (37s)
✔ [8/8] Built Erdos364.C12.Chunk173 (38s)
Build completed successfully (8 jobs).
✔ [3/8] Built Erdos364.C12.Chunk176 (30s)
✔ [4/8] Built Erdos364.C12.Chunk175 (31s)
✔ [5/8] Built Erdos364.C12.Chunk174 (31s)
✔ [6/8] Built Erdos364.C12.Chunk177 (31s)
✔ [7/8] Built Erdos364.C12.Chunk179 (31s)
✔ [8/8] Built Erdos364.C12.Chunk178 (32s)
Build completed successfully (8 jobs).
✔ [3/8] Built Erdos364.C12.Chunk183 (31s)
✔ [4/8] Built Erdos364.C12.Chunk181 (31s)
✔ [5/8] Built Erdos364.C12.Chunk182 (32s)
✔ [6/8] Built Erdos364.C12.Chunk184 (32s)
✔ [7/8] Built Erdos364.C12.Chunk180 (40s)
✔ [8/8] Built Erdos364.C12.Chunk185 (40s)
Build completed successfully (8 jobs).
✔ [3/8] Built Erdos364.C12.Chunk186 (32s)
✔ [4/8] Built Erdos364.C12.Chunk189 (33s)
✔ [5/8] Built Erdos364.C12.Chunk190 (32s)
✔ [6/8] Built Erdos364.C12.Chunk191 (33s)
✔ [7/8] Built Erdos364.C12.Chunk188 (40s)
✔ [8/8] Built Erdos364.C12.Chunk187 (40s)
Build completed successfully (8 jobs).
✔ [3/8] Built Erdos364.C12.Chunk194 (35s)
✔ [4/8] Built Erdos364.C12.Chunk197 (35s)
✔ [5/8] Built Erdos364.C12.Chunk196 (35s)
✔ [6/8] Built Erdos364.C12.Chunk195 (36s)
✔ [7/8] Built Erdos364.C12.Chunk192 (41s)
✔ [8/8] Built Erdos364.C12.Chunk193 (41s)
Build completed successfully (8 jobs).
✔ [3/8] Built Erdos364.C12.Chunk200 (35s)
✔ [4/8] Built Erdos364.C12.Chunk199 (36s)
✔ [5/8] Built Erdos364.C12.Chunk198 (36s)
✔ [6/8] Built Erdos364.C12.Chunk203 (36s)
✔ [7/8] Built Erdos364.C12.Chunk201 (36s)
✔ [8/8] Built Erdos364.C12.Chunk202 (37s)
Build completed successfully (8 jobs).
✔ [3/8] Built Erdos364.C12.Chunk204 (36s)
✔ [4/8] Built Erdos364.C12.Chunk206 (36s)
✔ [5/8] Built Erdos364.C12.Chunk207 (36s)
✔ [6/8] Built Erdos364.C12.Chunk209 (37s)
✔ [7/8] Built Erdos364.C12.Chunk205 (44s)
✔ [8/8] Built Erdos364.C12.Chunk208 (44s)
Build completed successfully (8 jobs).
✔ [3/8] Built Erdos364.C12.Chunk210 (37s)
✔ [4/8] Built Erdos364.C12.Chunk213 (37s)
✔ [5/8] Built Erdos364.C12.Chunk214 (37s)
✔ [6/8] Built Erdos364.C12.Chunk211 (37s)
✔ [7/8] Built Erdos364.C12.Chunk212 (38s)
✔ [8/8] Built Erdos364.C12.Chunk215 (38s)
Build completed successfully (8 jobs).
✔ [3/8] Built Erdos364.C12.Chunk217 (37s)
✔ [4/8] Built Erdos364.C12.Chunk219 (37s)
✔ [5/8] Built Erdos364.C12.Chunk220 (38s)
✔ [6/8] Built Erdos364.C12.Chunk216 (38s)
✔ [7/8] Built Erdos364.C12.Chunk218 (39s)
✔ [8/8] Built Erdos364.C12.Chunk221 (39s)
Build completed successfully (8 jobs).
✔ [3/8] Built Erdos364.C12.Chunk222 (38s)
✔ [4/8] Built Erdos364.C12.Chunk223 (38s)
✔ [5/8] Built Erdos364.C12.Chunk224 (39s)
✔ [6/8] Built Erdos364.C12.Chunk226 (39s)
✔ [7/8] Built Erdos364.C12.Chunk225 (48s)
✔ [8/8] Built Erdos364.C12.Chunk227 (49s)
Build completed successfully (8 jobs).
✔ [3/8] Built Erdos364.C12.Chunk232 (39s)
✔ [4/8] Built Erdos364.C12.Chunk229 (40s)
✔ [5/8] Built Erdos364.C12.Chunk231 (40s)
✔ [6/8] Built Erdos364.C12.Chunk233 (40s)
✔ [7/8] Built Erdos364.C12.Chunk228 (48s)
✔ [8/8] Built Erdos364.C12.Chunk230 (49s)
Build completed successfully (8 jobs).
✔ [3/8] Built Erdos364.C12.Chunk234 (41s)
✔ [4/8] Built Erdos364.C12.Chunk239 (41s)
✔ [5/8] Built Erdos364.C12.Chunk237 (41s)
✔ [6/8] Built Erdos364.C12.Chunk238 (41s)
✔ [7/8] Built Erdos364.C12.Chunk236 (42s)
✔ [8/8] Built Erdos364.C12.Chunk235 (42s)
Build completed successfully (8 jobs).
✔ [3/8] Built Erdos364.C12.Chunk241 (46s)
✔ [4/8] Built Erdos364.C12.Chunk244 (46s)
✔ [5/8] Built Erdos364.C12.Chunk242 (47s)
✔ [6/8] Built Erdos364.C12.Chunk243 (47s)
✔ [7/8] Built Erdos364.C12.Chunk240 (45s)
✔ [8/8] Built Erdos364.C12.Chunk245 (45s)
Build completed successfully (8 jobs).
✔ [3/8] Built Erdos364.C12.Chunk250 (47s)
✔ [4/8] Built Erdos364.C12.Chunk247 (47s)
✔ [5/8] Built Erdos364.C12.Chunk249 (47s)
✔ [6/8] Built Erdos364.C12.Chunk248 (48s)
✔ [7/8] Built Erdos364.C12.Chunk246 (57s)
✔ [8/8] Built Erdos364.C12.Chunk251 (58s)
Build completed successfully (8 jobs).
✔ [3/8] Built Erdos364.C12.Chunk252 (48s)
✔ [4/8] Built Erdos364.C12.Chunk253 (48s)
✔ [5/8] Built Erdos364.C12.Chunk257 (48s)
✔ [6/8] Built Erdos364.C12.Chunk256 (49s)
✔ [7/8] Built Erdos364.C12.Chunk254 (57s)
✔ [8/8] Built Erdos364.C12.Chunk255 (57s)
Build completed successfully (8 jobs).
✔ [3/8] Built Erdos364.C12.Chunk261 (48s)
✔ [4/8] Built Erdos364.C12.Chunk258 (48s)
✔ [5/8] Built Erdos364.C12.Chunk259 (49s)
✔ [6/8] Built Erdos364.C12.Chunk262 (49s)
✔ [7/8] Built Erdos364.C12.Chunk260 (50s)
✔ [8/8] Built Erdos364.C12.Chunk263 (51s)
Build completed successfully (8 jobs).
✔ [3/8] Built Erdos364.C12.Chunk264 (48s)
✔ [4/8] Built Erdos364.C12.Chunk267 (49s)
✔ [5/8] Built Erdos364.C12.Chunk265 (49s)
✔ [6/8] Built Erdos364.C12.Chunk266 (49s)
✔ [7/8] Built Erdos364.C12.Chunk269 (49s)
✔ [8/8] Built Erdos364.C12.Chunk268 (49s)
Build completed successfully (8 jobs).
✔ [3/8] Built Erdos364.C12.Chunk270 (48s)
✔ [4/8] Built Erdos364.C12.Chunk271 (48s)
✔ [5/8] Built Erdos364.C12.Chunk272 (48s)
✔ [6/8] Built Erdos364.C12.Chunk273 (49s)
✔ [7/8] Built Erdos364.C12.Chunk274 (49s)
✔ [8/8] Built Erdos364.C12.Chunk275 (49s)
Build completed successfully (8 jobs).
✔ [3/8] Built Erdos364.C12.Chunk277 (48s)
✔ [4/8] Built Erdos364.C12.Chunk281 (48s)
✔ [5/8] Built Erdos364.C12.Chunk276 (48s)
✔ [6/8] Built Erdos364.C12.Chunk280 (48s)
✔ [7/8] Built Erdos364.C12.Chunk279 (48s)
✔ [8/8] Built Erdos364.C12.Chunk278 (48s)
Build completed successfully (8 jobs).
✔ [3/8] Built Erdos364.C12.Chunk285 (51s)
✔ [4/8] Built Erdos364.C12.Chunk282 (52s)
✔ [5/8] Built Erdos364.C12.Chunk286 (52s)
✔ [6/8] Built Erdos364.C12.Chunk287 (52s)
✔ [7/8] Built Erdos364.C12.Chunk283 (53s)
✔ [8/8] Built Erdos364.C12.Chunk284 (53s)
Build completed successfully (8 jobs).
✔ [3/8] Built Erdos364.C12.Chunk293 (52s)
✔ [4/8] Built Erdos364.C12.Chunk289 (53s)
✔ [5/8] Built Erdos364.C12.Chunk288 (53s)
✔ [6/8] Built Erdos364.C12.Chunk292 (54s)
✔ [7/8] Built Erdos364.C12.Chunk290 (54s)
✔ [8/8] Built Erdos364.C12.Chunk291 (55s)
Build completed successfully (8 jobs).
✔ [3/8] Built Erdos364.C12.Chunk295 (53s)
✔ [4/8] Built Erdos364.C12.Chunk297 (54s)
✔ [5/8] Built Erdos364.C12.Chunk294 (54s)
✔ [6/8] Built Erdos364.C12.Chunk298 (55s)
✔ [7/8] Built Erdos364.C12.Chunk296 (65s)
✔ [8/8] Built Erdos364.C12.Chunk299 (66s)
Build completed successfully (8 jobs).
✔ [3/8] Built Erdos364.C12.Chunk300 (52s)
✔ [4/8] Built Erdos364.C12.Chunk302 (54s)
✔ [5/8] Built Erdos364.C12.Chunk301 (55s)
✔ [6/8] Built Erdos364.C12.Chunk304 (54s)
✔ [7/8] Built Erdos364.C12.Chunk305 (65s)
✔ [8/8] Built Erdos364.C12.Chunk303 (65s)
Build completed successfully (8 jobs).
✔ [2/7] Built Erdos364.C12.Chunk308 (51s)
✔ [4/8] Built Erdos364.C12.Chunk307 (51s)
✔ [5/8] Built Erdos364.C12.Chunk309 (52s)
✔ [6/8] Built Erdos364.C12.Chunk311 (52s)
✔ [7/8] Built Erdos364.C12.Chunk306 (60s)
✔ [8/8] Built Erdos364.C12.Chunk310 (61s)
Build completed successfully (8 jobs).
✔ [3/8] Built Erdos364.C12.Chunk315 (53s)
✔ [4/8] Built Erdos364.C12.Chunk312 (53s)
✔ [5/8] Built Erdos364.C12.Chunk317 (53s)
✔ [6/8] Built Erdos364.C12.Chunk316 (53s)
✔ [7/8] Built Erdos364.C12.Chunk313 (65s)
✔ [8/8] Built Erdos364.C12.Chunk314 (65s)
Build completed successfully (8 jobs).
✔ [3/4] Built Erdos364.C12.Chunk318 (54s)
✔ [4/4] Built Erdos364.C12.Chunk319 (54s)
Build completed successfully (4 jobs).
⚠ [1151/1455] Replayed Erdos364.Generator
warning: Erdos364/Generator.lean:252:4: `push_neg` has been deprecated. Prefer using `push Not` instead.
If you'd rather continue using `push_neg` in your project, you can implement it as follows:
```
open Lean.Parser.Tactic in
macro "push_neg" cfg:optConfig loc:(location)? : tactic =>
  `(tactic| push $cfg:optConfig Not $[$loc]?)
```
warning: Erdos364/Generator.lean:281:4: `push_neg` has been deprecated. Prefer using `push Not` instead.
If you'd rather continue using `push_neg` in your project, you can implement it as follows:
```
open Lean.Parser.Tactic in
macro "push_neg" cfg:optConfig loc:(location)? : tactic =>
  `(tactic| push $cfg:optConfig Not $[$loc]?)
```
✔ [1473/1477] Built Erdos364.Cert (344ms)
✔ [1474/1477] Built Erdos364.C12.Table (676ms)
✖ [1475/1477] Building Erdos364.C12 (452ms)
trace: .> LEAN_PATH=/root/Optio/.lake/packages/Cli/.lake/build/lib/lean:/root/Optio/.lake/packages/batteries/.lake/build/lib/lean:/root/Optio/.lake/packages/Qq/.lake/build/lib/lean:/root/Optio/.lake/packages/aesop/.lake/build/lib/lean:/root/Optio/.lake/packages/proofwidgets/.lake/build/lib/lean:/root/Optio/.lake/packages/importGraph/.lake/build/lib/lean:/root/Optio/.lake/packages/LeanSearchClient/.lake/build/lib/lean:/root/Optio/.lake/packages/plausible/.lake/build/lib/lean:/root/Optio/.lake/packages/mathlib/.lake/build/lib/lean:/root/Optio/.lake/build/lib/lean /root/.elan/toolchains/leanprover--lean4---v4.30.0/bin/lean /root/Optio/Erdos364/C12.lean -o /root/Optio/.lake/build/lib/lean/Erdos364/C12.olean -i /root/Optio/.lake/build/lib/lean/Erdos364/C12.ilean -c /root/Optio/.lake/build/ir/Erdos364/C12.c --setup /root/Optio/.lake/build/ir/Erdos364/C12.setup.json --json
warning: Erdos364/C12.lean:333:13: Possibly looping simp theorem: `table.eq_1`

Hint: You can disable a simp theorem from the default simp set by passing `- theoremName` to `simp`.
error: Erdos364/C12.lean:333:2: Tactic `simp` failed with a nested error:
maximum recursion depth has been reached
use `set_option maxRecDepth <num>` to increase limit
use `set_option diagnostics true` to get diagnostic information
error: Lean exited with code 1
✔ [1476/1477] Built Erdos364.Assembly (2.1s)
Some required targets logged failures:
- Erdos364.C12
error: build failed
